-------------------------------------------------------------------------------
Test set: lang.clone.cloneable.TestObjectClone
-------------------------------------------------------------------------------
Tests run: 2, Failures: 1, Errors: 0, Skipped: 0, Time elapsed: 0 sec <<< FAILURE!
lang.clone.cloneable.TestObjectClone.testObjectCloneWithProtectedOverrideMethod()  Time elapsed: 0 sec  <<< FAILURE!
java.lang.CloneNotSupportedException: lang.clone.cloneable.NewObject
	at java.lang.Object.clone(Native Method)
	at lang.clone.cloneable.NewObject.clone(NewObject.java:21)
	at lang.clone.cloneable.TestObjectClone.testObjectCloneWithProtectedOverrideMethod(TestObjectClone.java:30)

